<?xml version="1.0" encoding="UTF-8"?>
<!-- Generated by org.testng.reporters.JUnitReportReporter -->
<testsuite hostname="IQA_Dipanshu" name="TestScanario.DemoTest" tests="2" failures="0" timestamp="20 Jun 2020 05:19:01 GMT" time="51.987" errors="0">
  <testcase name="test1" time="19.634" classname="TestScanario.DemoTest"/>
  <testcase name="test2" time="32.353" classname="TestScanario.DemoTest"/>
</testsuite> <!-- TestScanario.DemoTest -->
